Analysis & Synthesis report for DUT
Sat Mar 06 12:41:19 2021
Quartus Prime Version 20.1.1 Build 720 11/11/2020 SJ Lite Edition


---------------------
; Table of Contents ;
---------------------
  1. Legal Notice
  2. Analysis & Synthesis Summary
  3. Analysis & Synthesis Settings
  4. Parallel Compilation
  5. Analysis & Synthesis Source Files Read
  6. Analysis & Synthesis Resource Usage Summary
  7. Analysis & Synthesis Resource Utilization by Entity
  8. General Register Statistics
  9. Port Connectivity Checks: "Top:add_instance|MUX:final"
 10. Port Connectivity Checks: "Top:add_instance|COUNT1:part4|Full_Adder:FA3"
 11. Port Connectivity Checks: "Top:add_instance|COUNT1:part4|Full_Adder:FA2"
 12. Port Connectivity Checks: "Top:add_instance|SQRR5:part1|AND_4:A1"
 13. Analysis & Synthesis Messages



----------------
; Legal Notice ;
----------------
Copyright (C) 2020  Intel Corporation. All rights reserved.
Your use of Intel Corporation's design tools, logic functions 
and other software and tools, and any partner logic 
functions, and any output files from any of the foregoing 
(including device programming or simulation files), and any 
associated documentation or information are expressly subject 
to the terms and conditions of the Intel Program License 
Subscription Agreement, the Intel Quartus Prime License Agreement,
the Intel FPGA IP License Agreement, or other applicable license
agreement, including, without limitation, that your use is for
the sole purpose of programming logic devices manufactured by
Intel and sold by Intel or its authorized distributors.  Please
refer to the applicable agreement for further details, at
https://fpgasoftware.intel.com/eula.



+---------------------------------------------------------------------------+
; Analysis & Synthesis Summary                                              ;
+-----------------------------+---------------------------------------------+
; Analysis & Synthesis Status ; Successful - Sat Mar 06 12:41:19 2021       ;
; Quartus Prime Version       ; 20.1.1 Build 720 11/11/2020 SJ Lite Edition ;
; Revision Name               ; DUT                                         ;
; Top-level Entity Name       ; DUT                                         ;
; Family                      ; MAX V                                       ;
; Total logic elements        ; 15                                          ;
; Total pins                  ; 14                                          ;
; Total virtual pins          ; 0                                           ;
; UFM blocks                  ; 0 / 1 ( 0 % )                               ;
+-----------------------------+---------------------------------------------+


+------------------------------------------------------------------------------------------------------------+
; Analysis & Synthesis Settings                                                                              ;
+------------------------------------------------------------------+--------------------+--------------------+
; Option                                                           ; Setting            ; Default Value      ;
+------------------------------------------------------------------+--------------------+--------------------+
; Device                                                           ; 5M1270ZT144C5      ;                    ;
; Top-level entity name                                            ; DUT                ; DUT                ;
; Family name                                                      ; MAX V              ; Cyclone V          ;
; Use smart compilation                                            ; Off                ; Off                ;
; Enable parallel Assembler and Timing Analyzer during compilation ; On                 ; On                 ;
; Enable compact report table                                      ; Off                ; Off                ;
; Restructure Multiplexers                                         ; Auto               ; Auto               ;
; Create Debugging Nodes for IP Cores                              ; Off                ; Off                ;
; Preserve fewer node names                                        ; On                 ; On                 ;
; Intel FPGA IP Evaluation Mode                                    ; Enable             ; Enable             ;
; Verilog Version                                                  ; Verilog_2001       ; Verilog_2001       ;
; VHDL Version                                                     ; VHDL_1993          ; VHDL_1993          ;
; State Machine Processing                                         ; Auto               ; Auto               ;
; Safe State Machine                                               ; Off                ; Off                ;
; Extract Verilog State Machines                                   ; On                 ; On                 ;
; Extract VHDL State Machines                                      ; On                 ; On                 ;
; Ignore Verilog initial constructs                                ; Off                ; Off                ;
; Iteration limit for constant Verilog loops                       ; 5000               ; 5000               ;
; Iteration limit for non-constant Verilog loops                   ; 250                ; 250                ;
; Add Pass-Through Logic to Inferred RAMs                          ; On                 ; On                 ;
; Infer RAMs from Raw Logic                                        ; On                 ; On                 ;
; Parallel Synthesis                                               ; On                 ; On                 ;
; NOT Gate Push-Back                                               ; On                 ; On                 ;
; Power-Up Don't Care                                              ; On                 ; On                 ;
; Remove Redundant Logic Cells                                     ; Off                ; Off                ;
; Remove Duplicate Registers                                       ; On                 ; On                 ;
; Ignore CARRY Buffers                                             ; Off                ; Off                ;
; Ignore CASCADE Buffers                                           ; Off                ; Off                ;
; Ignore GLOBAL Buffers                                            ; Off                ; Off                ;
; Ignore ROW GLOBAL Buffers                                        ; Off                ; Off                ;
; Ignore LCELL Buffers                                             ; Off                ; Off                ;
; Ignore SOFT Buffers                                              ; On                 ; On                 ;
; Limit AHDL Integers to 32 Bits                                   ; Off                ; Off                ;
; Optimization Technique                                           ; Balanced           ; Balanced           ;
; Carry Chain Length                                               ; 70                 ; 70                 ;
; Auto Carry Chains                                                ; On                 ; On                 ;
; Auto Open-Drain Pins                                             ; On                 ; On                 ;
; Perform WYSIWYG Primitive Resynthesis                            ; Off                ; Off                ;
; Auto Shift Register Replacement                                  ; Auto               ; Auto               ;
; Allow Shift Register Merging across Hierarchies                  ; Auto               ; Auto               ;
; Auto Clock Enable Replacement                                    ; On                 ; On                 ;
; Allow Synchronous Control Signals                                ; On                 ; On                 ;
; Force Use of Synchronous Clear Signals                           ; Off                ; Off                ;
; Auto Resource Sharing                                            ; Off                ; Off                ;
; Use LogicLock Constraints during Resource Balancing              ; On                 ; On                 ;
; Ignore translate_off and synthesis_off directives                ; Off                ; Off                ;
; Report Parameter Settings                                        ; On                 ; On                 ;
; Report Source Assignments                                        ; On                 ; On                 ;
; Report Connectivity Checks                                       ; On                 ; On                 ;
; Ignore Maximum Fan-Out Assignments                               ; Off                ; Off                ;
; Synchronization Register Chain Length                            ; 2                  ; 2                  ;
; Power Optimization During Synthesis                              ; Normal compilation ; Normal compilation ;
; HDL message level                                                ; Level2             ; Level2             ;
; Suppress Register Optimization Related Messages                  ; Off                ; Off                ;
; Number of Removed Registers Reported in Synthesis Report         ; 5000               ; 5000               ;
; Number of Swept Nodes Reported in Synthesis Report               ; 5000               ; 5000               ;
; Number of Inverted Registers Reported in Synthesis Report        ; 100                ; 100                ;
; Clock MUX Protection                                             ; On                 ; On                 ;
; Block Design Naming                                              ; Auto               ; Auto               ;
; Synthesis Effort                                                 ; Auto               ; Auto               ;
; Shift Register Replacement - Allow Asynchronous Clear Signal     ; On                 ; On                 ;
; Analysis & Synthesis Message Level                               ; Medium             ; Medium             ;
; Disable Register Merging Across Hierarchies                      ; Auto               ; Auto               ;
+------------------------------------------------------------------+--------------------+--------------------+


+------------------------------------------+
; Parallel Compilation                     ;
+----------------------------+-------------+
; Processors                 ; Number      ;
+----------------------------+-------------+
; Number detected on machine ; 16          ;
; Maximum allowed            ; 16          ;
;                            ;             ;
; Average used               ; 1.00        ;
; Maximum used               ; 1           ;
;                            ;             ;
; Usage by Processor         ; % Time Used ;
;     Processor 1            ; 100.0%      ;
+----------------------------+-------------+


+------------------------------------------------------------------------------------------------------------------------------------------------+
; Analysis & Synthesis Source Files Read                                                                                                         ;
+----------------------------------+-----------------+-----------------+---------------------------------------------------------------+---------+
; File Name with User-Entered Path ; Used in Netlist ; File Type       ; File Name with Absolute Path                                  ; Library ;
+----------------------------------+-----------------+-----------------+---------------------------------------------------------------+---------+
; code/MUX.vhdl                    ; yes             ; User VHDL File  ; D:/Acer/Downloads/EE 214/Projects/midsem/code/MUX.vhdl        ;         ;
; code/Gates.vhdl                  ; yes             ; User VHDL File  ; D:/Acer/Downloads/EE 214/Projects/midsem/code/Gates.vhdl      ;         ;
; code/Full_Adder.vhdl             ; yes             ; User VHDL File  ; D:/Acer/Downloads/EE 214/Projects/midsem/code/Full_Adder.vhdl ;         ;
; code/DUT.vhdl                    ; yes             ; User VHDL File  ; D:/Acer/Downloads/EE 214/Projects/midsem/code/DUT.vhdl        ;         ;
; code/additional.vhdl             ; yes             ; User VHDL File  ; D:/Acer/Downloads/EE 214/Projects/midsem/code/additional.vhdl ;         ;
; code/SQRR5.vhdl                  ; yes             ; User VHDL File  ; D:/Acer/Downloads/EE 214/Projects/midsem/code/SQRR5.vhdl      ;         ;
; code/INVB.vhdl                   ; yes             ; User VHDL File  ; D:/Acer/Downloads/EE 214/Projects/midsem/code/INVB.vhdl       ;         ;
; code/XNOR_AB.vhdl                ; yes             ; User VHDL File  ; D:/Acer/Downloads/EE 214/Projects/midsem/code/XNOR_AB.vhdl    ;         ;
; code/COUNT1.vhdl                 ; yes             ; User VHDL File  ; D:/Acer/Downloads/EE 214/Projects/midsem/code/COUNT1.vhdl     ;         ;
; code/Top.vhdl                    ; yes             ; User VHDL File  ; D:/Acer/Downloads/EE 214/Projects/midsem/code/Top.vhdl        ;         ;
+----------------------------------+-----------------+-----------------+---------------------------------------------------------------+---------+


+---------------------------------------------------------------+
; Analysis & Synthesis Resource Usage Summary                   ;
+---------------------------------------------+-----------------+
; Resource                                    ; Usage           ;
+---------------------------------------------+-----------------+
; Total logic elements                        ; 15              ;
;     -- Combinational with no register       ; 15              ;
;     -- Register only                        ; 0               ;
;     -- Combinational with a register        ; 0               ;
;                                             ;                 ;
; Logic element usage by number of LUT inputs ;                 ;
;     -- 4 input functions                    ; 12              ;
;     -- 3 input functions                    ; 3               ;
;     -- 2 input functions                    ; 0               ;
;     -- 1 input functions                    ; 0               ;
;     -- 0 input functions                    ; 0               ;
;                                             ;                 ;
; Logic elements by mode                      ;                 ;
;     -- normal mode                          ; 15              ;
;     -- arithmetic mode                      ; 0               ;
;     -- qfbk mode                            ; 0               ;
;     -- register cascade mode                ; 0               ;
;     -- synchronous clear/load mode          ; 0               ;
;     -- asynchronous clear/load mode         ; 0               ;
;                                             ;                 ;
; Total registers                             ; 0               ;
; I/O pins                                    ; 14              ;
; Maximum fan-out node                        ; input_vector[2] ;
; Maximum fan-out                             ; 8               ;
; Total fan-out                               ; 61              ;
; Average fan-out                             ; 2.10            ;
+---------------------------------------------+-----------------+


+---------------------------------------------------------------------------------------------------------------------------------------------------------------------------------------------------------------------------------------------------------------------------------+
; Analysis & Synthesis Resource Utilization by Entity                                                                                                                                                                                                                             ;
+-----------------------------+-------------+--------------+------------+------+--------------+--------------+-------------------+------------------+-----------------+------------+-----------------------------------------------------------------+-------------+--------------+
; Compilation Hierarchy Node  ; Logic Cells ; LC Registers ; UFM Blocks ; Pins ; Virtual Pins ; LUT-Only LCs ; Register-Only LCs ; LUT/Register LCs ; Carry Chain LCs ; Packed LCs ; Full Hierarchy Name                                             ; Entity Name ; Library Name ;
+-----------------------------+-------------+--------------+------------+------+--------------+--------------+-------------------+------------------+-----------------+------------+-----------------------------------------------------------------+-------------+--------------+
; |DUT                        ; 15 (0)      ; 0            ; 0          ; 14   ; 0            ; 15 (0)       ; 0 (0)             ; 0 (0)            ; 0 (0)           ; 0 (0)      ; |DUT                                                            ; DUT         ; work         ;
;    |Top:add_instance|       ; 15 (0)      ; 0            ; 0          ; 0    ; 0            ; 15 (0)       ; 0 (0)             ; 0 (0)            ; 0 (0)           ; 0 (0)      ; |DUT|Top:add_instance                                           ; Top         ; work         ;
;       |COUNT1:part4|        ; 2 (0)       ; 0            ; 0          ; 0    ; 0            ; 2 (0)        ; 0 (0)             ; 0 (0)            ; 0 (0)           ; 0 (0)      ; |DUT|Top:add_instance|COUNT1:part4                              ; COUNT1      ; work         ;
;          |Full_Adder:FA1|   ; 1 (0)       ; 0            ; 0          ; 0    ; 0            ; 1 (0)        ; 0 (0)             ; 0 (0)            ; 0 (0)           ; 0 (0)      ; |DUT|Top:add_instance|COUNT1:part4|Full_Adder:FA1               ; Full_Adder  ; work         ;
;             |OR_2:o1|       ; 1 (1)       ; 0            ; 0          ; 0    ; 0            ; 1 (1)        ; 0 (0)             ; 0 (0)            ; 0 (0)           ; 0 (0)      ; |DUT|Top:add_instance|COUNT1:part4|Full_Adder:FA1|OR_2:o1       ; OR_2        ; work         ;
;          |Full_Adder:FA2|   ; 1 (0)       ; 0            ; 0          ; 0    ; 0            ; 1 (0)        ; 0 (0)             ; 0 (0)            ; 0 (0)           ; 0 (0)      ; |DUT|Top:add_instance|COUNT1:part4|Full_Adder:FA2               ; Full_Adder  ; work         ;
;             |HALF_ADDER:ha| ; 1 (1)       ; 0            ; 0          ; 0    ; 0            ; 1 (1)        ; 0 (0)             ; 0 (0)            ; 0 (0)           ; 0 (0)      ; |DUT|Top:add_instance|COUNT1:part4|Full_Adder:FA2|HALF_ADDER:ha ; HALF_ADDER  ; work         ;
;       |MUX:final|           ; 12 (0)      ; 0            ; 0          ; 0    ; 0            ; 12 (0)       ; 0 (0)             ; 0 (0)            ; 0 (0)           ; 0 (0)      ; |DUT|Top:add_instance|MUX:final                                 ; MUX         ; work         ;
;          |AND_3:A12|        ; 1 (0)       ; 0            ; 0          ; 0    ; 0            ; 1 (0)        ; 0 (0)             ; 0 (0)            ; 0 (0)           ; 0 (0)      ; |DUT|Top:add_instance|MUX:final|AND_3:A12                       ; AND_3       ; work         ;
;             |AND_2:A2|      ; 1 (1)       ; 0            ; 0          ; 0    ; 0            ; 1 (1)        ; 0 (0)             ; 0 (0)            ; 0 (0)           ; 0 (0)      ; |DUT|Top:add_instance|MUX:final|AND_3:A12|AND_2:A2              ; AND_2       ; work         ;
;          |AND_3:A41|        ; 2 (0)       ; 0            ; 0          ; 0    ; 0            ; 2 (0)        ; 0 (0)             ; 0 (0)            ; 0 (0)           ; 0 (0)      ; |DUT|Top:add_instance|MUX:final|AND_3:A41                       ; AND_3       ; work         ;
;             |AND_2:A2|      ; 2 (2)       ; 0            ; 0          ; 0    ; 0            ; 2 (2)        ; 0 (0)             ; 0 (0)            ; 0 (0)           ; 0 (0)      ; |DUT|Top:add_instance|MUX:final|AND_3:A41|AND_2:A2              ; AND_2       ; work         ;
;          |AND_3:A42|        ; 1 (0)       ; 0            ; 0          ; 0    ; 0            ; 1 (0)        ; 0 (0)             ; 0 (0)            ; 0 (0)           ; 0 (0)      ; |DUT|Top:add_instance|MUX:final|AND_3:A42                       ; AND_3       ; work         ;
;             |AND_2:A2|      ; 1 (1)       ; 0            ; 0          ; 0    ; 0            ; 1 (1)        ; 0 (0)             ; 0 (0)            ; 0 (0)           ; 0 (0)      ; |DUT|Top:add_instance|MUX:final|AND_3:A42|AND_2:A2              ; AND_2       ; work         ;
;          |OR_4:O1|          ; 2 (0)       ; 0            ; 0          ; 0    ; 0            ; 2 (0)        ; 0 (0)             ; 0 (0)            ; 0 (0)           ; 0 (0)      ; |DUT|Top:add_instance|MUX:final|OR_4:O1                         ; OR_4        ; work         ;
;             |OR_2:A3|       ; 2 (2)       ; 0            ; 0          ; 0    ; 0            ; 2 (2)        ; 0 (0)             ; 0 (0)            ; 0 (0)           ; 0 (0)      ; |DUT|Top:add_instance|MUX:final|OR_4:O1|OR_2:A3                 ; OR_2        ; work         ;
;          |OR_4:O2|          ; 2 (0)       ; 0            ; 0          ; 0    ; 0            ; 2 (0)        ; 0 (0)             ; 0 (0)            ; 0 (0)           ; 0 (0)      ; |DUT|Top:add_instance|MUX:final|OR_4:O2                         ; OR_4        ; work         ;
;             |OR_2:A3|       ; 2 (2)       ; 0            ; 0          ; 0    ; 0            ; 2 (2)        ; 0 (0)             ; 0 (0)            ; 0 (0)           ; 0 (0)      ; |DUT|Top:add_instance|MUX:final|OR_4:O2|OR_2:A3                 ; OR_2        ; work         ;
;          |OR_4:O3|          ; 2 (0)       ; 0            ; 0          ; 0    ; 0            ; 2 (0)        ; 0 (0)             ; 0 (0)            ; 0 (0)           ; 0 (0)      ; |DUT|Top:add_instance|MUX:final|OR_4:O3                         ; OR_4        ; work         ;
;             |OR_2:A3|       ; 2 (2)       ; 0            ; 0          ; 0    ; 0            ; 2 (2)        ; 0 (0)             ; 0 (0)            ; 0 (0)           ; 0 (0)      ; |DUT|Top:add_instance|MUX:final|OR_4:O3|OR_2:A3                 ; OR_2        ; work         ;
;          |OR_4:O4|          ; 2 (0)       ; 0            ; 0          ; 0    ; 0            ; 2 (0)        ; 0 (0)             ; 0 (0)            ; 0 (0)           ; 0 (0)      ; |DUT|Top:add_instance|MUX:final|OR_4:O4                         ; OR_4        ; work         ;
;             |OR_2:A3|       ; 2 (2)       ; 0            ; 0          ; 0    ; 0            ; 2 (2)        ; 0 (0)             ; 0 (0)            ; 0 (0)           ; 0 (0)      ; |DUT|Top:add_instance|MUX:final|OR_4:O4|OR_2:A3                 ; OR_2        ; work         ;
;       |SQRR5:part1|         ; 1 (0)       ; 0            ; 0          ; 0    ; 0            ; 1 (0)        ; 0 (0)             ; 0 (0)            ; 0 (0)           ; 0 (0)      ; |DUT|Top:add_instance|SQRR5:part1                               ; SQRR5       ; work         ;
;          |OR_4:O1|          ; 1 (0)       ; 0            ; 0          ; 0    ; 0            ; 1 (0)        ; 0 (0)             ; 0 (0)            ; 0 (0)           ; 0 (0)      ; |DUT|Top:add_instance|SQRR5:part1|OR_4:O1                       ; OR_4        ; work         ;
;             |OR_2:A3|       ; 1 (1)       ; 0            ; 0          ; 0    ; 0            ; 1 (1)        ; 0 (0)             ; 0 (0)            ; 0 (0)           ; 0 (0)      ; |DUT|Top:add_instance|SQRR5:part1|OR_4:O1|OR_2:A3               ; OR_2        ; work         ;
+-----------------------------+-------------+--------------+------------+------+--------------+--------------+-------------------+------------------+-----------------+------------+-----------------------------------------------------------------+-------------+--------------+
Note: For table entries with two numbers listed, the numbers in parentheses indicate the number of resources of the given type used by the specific entity alone. The numbers listed outside of parentheses indicate the total resources of the given type used by the specific entity and all of its sub-entities in the hierarchy.


+------------------------------------------------------+
; General Register Statistics                          ;
+----------------------------------------------+-------+
; Statistic                                    ; Value ;
+----------------------------------------------+-------+
; Total registers                              ; 0     ;
; Number of registers using Synchronous Clear  ; 0     ;
; Number of registers using Synchronous Load   ; 0     ;
; Number of registers using Asynchronous Clear ; 0     ;
; Number of registers using Asynchronous Load  ; 0     ;
; Number of registers using Clock Enable       ; 0     ;
; Number of registers using Preset             ; 0     ;
+----------------------------------------------+-------+


+--------------------------------------------------------+
; Port Connectivity Checks: "Top:add_instance|MUX:final" ;
+----------+-------+----------+--------------------------+
; Port     ; Type  ; Severity ; Details                  ;
+----------+-------+----------+--------------------------+
; i0[5..4] ; Input ; Info     ; Stuck at GND             ;
; i1[5..4] ; Input ; Info     ; Stuck at GND             ;
; i2[5..4] ; Input ; Info     ; Stuck at GND             ;
; i3[5..3] ; Input ; Info     ; Stuck at GND             ;
+----------+-------+----------+--------------------------+


+--------------------------------------------------------------------------+
; Port Connectivity Checks: "Top:add_instance|COUNT1:part4|Full_Adder:FA3" ;
+------+-------+----------+------------------------------------------------+
; Port ; Type  ; Severity ; Details                                        ;
+------+-------+----------+------------------------------------------------+
; cin  ; Input ; Info     ; Stuck at GND                                   ;
+------+-------+----------+------------------------------------------------+


+--------------------------------------------------------------------------+
; Port Connectivity Checks: "Top:add_instance|COUNT1:part4|Full_Adder:FA2" ;
+------+-------+----------+------------------------------------------------+
; Port ; Type  ; Severity ; Details                                        ;
+------+-------+----------+------------------------------------------------+
; cin  ; Input ; Info     ; Stuck at GND                                   ;
+------+-------+----------+------------------------------------------------+


+-------------------------------------------------------------------+
; Port Connectivity Checks: "Top:add_instance|SQRR5:part1|AND_4:A1" ;
+------+-------+----------+-----------------------------------------+
; Port ; Type  ; Severity ; Details                                 ;
+------+-------+----------+-----------------------------------------+
; b    ; Input ; Info     ; Stuck at VCC                            ;
; d    ; Input ; Info     ; Stuck at VCC                            ;
+------+-------+----------+-----------------------------------------+


+-------------------------------+
; Analysis & Synthesis Messages ;
+-------------------------------+
Info: *******************************************************************
Info: Running Quartus Prime Analysis & Synthesis
    Info: Version 20.1.1 Build 720 11/11/2020 SJ Lite Edition
    Info: Processing started: Sat Mar 06 12:41:10 2021
Info: Command: quartus_map --read_settings_files=on --write_settings_files=off midsem -c DUT
Warning (18236): Number of processors has not been specified which may cause overloading on shared machines.  Set the global assignment NUM_PARALLEL_PROCESSORS in your QSF to an appropriate value for best performance.
Info (20030): Parallel compilation is enabled and will use 16 of the 16 processors detected
Warning (12090): Entity "MUX" obtained from "code/MUX.vhdl" instead of from Quartus Prime megafunction library File: D:/Acer/Downloads/EE 214/Projects/midsem/code/MUX.vhdl Line: 8
Info (12021): Found 2 design units, including 1 entities, in source file code/mux.vhdl
    Info (12022): Found design unit 1: MUX-Str File: D:/Acer/Downloads/EE 214/Projects/midsem/code/MUX.vhdl Line: 19
    Info (12023): Found entity 1: MUX File: D:/Acer/Downloads/EE 214/Projects/midsem/code/MUX.vhdl Line: 8
Info (12021): Found 2 design units, including 1 entities, in source file code/testbench.vhdl
    Info (12022): Found design unit 1: Testbench-Behave File: D:/Acer/Downloads/EE 214/Projects/midsem/code/Testbench.vhdl Line: 9
    Info (12023): Found entity 1: Testbench File: D:/Acer/Downloads/EE 214/Projects/midsem/code/Testbench.vhdl Line: 7
Info (12021): Found 17 design units, including 8 entities, in source file code/gates.vhdl
    Info (12022): Found design unit 1: Gates File: D:/Acer/Downloads/EE 214/Projects/midsem/code/Gates.vhdl Line: 3
    Info (12022): Found design unit 2: INVERTER-Equations File: D:/Acer/Downloads/EE 214/Projects/midsem/code/Gates.vhdl Line: 45
    Info (12022): Found design unit 3: AND_2-Equations File: D:/Acer/Downloads/EE 214/Projects/midsem/code/Gates.vhdl Line: 57
    Info (12022): Found design unit 4: NAND_2-Equations File: D:/Acer/Downloads/EE 214/Projects/midsem/code/Gates.vhdl Line: 68
    Info (12022): Found design unit 5: OR_2-Equations File: D:/Acer/Downloads/EE 214/Projects/midsem/code/Gates.vhdl Line: 79
    Info (12022): Found design unit 6: NOR_2-Equations File: D:/Acer/Downloads/EE 214/Projects/midsem/code/Gates.vhdl Line: 90
    Info (12022): Found design unit 7: XOR_2-Equations File: D:/Acer/Downloads/EE 214/Projects/midsem/code/Gates.vhdl Line: 102
    Info (12022): Found design unit 8: XNOR_2-Equations File: D:/Acer/Downloads/EE 214/Projects/midsem/code/Gates.vhdl Line: 113
    Info (12022): Found design unit 9: HALF_ADDER-Equations File: D:/Acer/Downloads/EE 214/Projects/midsem/code/Gates.vhdl Line: 124
    Info (12023): Found entity 1: INVERTER File: D:/Acer/Downloads/EE 214/Projects/midsem/code/Gates.vhdl Line: 41
    Info (12023): Found entity 2: AND_2 File: D:/Acer/Downloads/EE 214/Projects/midsem/code/Gates.vhdl Line: 53
    Info (12023): Found entity 3: NAND_2 File: D:/Acer/Downloads/EE 214/Projects/midsem/code/Gates.vhdl Line: 64
    Info (12023): Found entity 4: OR_2 File: D:/Acer/Downloads/EE 214/Projects/midsem/code/Gates.vhdl Line: 75
    Info (12023): Found entity 5: NOR_2 File: D:/Acer/Downloads/EE 214/Projects/midsem/code/Gates.vhdl Line: 86
    Info (12023): Found entity 6: XOR_2 File: D:/Acer/Downloads/EE 214/Projects/midsem/code/Gates.vhdl Line: 98
    Info (12023): Found entity 7: XNOR_2 File: D:/Acer/Downloads/EE 214/Projects/midsem/code/Gates.vhdl Line: 109
    Info (12023): Found entity 8: HALF_ADDER File: D:/Acer/Downloads/EE 214/Projects/midsem/code/Gates.vhdl Line: 120
Info (12021): Found 2 design units, including 1 entities, in source file code/full_adder.vhdl
    Info (12022): Found design unit 1: Full_Adder-Struct File: D:/Acer/Downloads/EE 214/Projects/midsem/code/Full_Adder.vhdl Line: 10
    Info (12023): Found entity 1: Full_Adder File: D:/Acer/Downloads/EE 214/Projects/midsem/code/Full_Adder.vhdl Line: 7
Info (12021): Found 2 design units, including 1 entities, in source file code/dut.vhdl
    Info (12022): Found design unit 1: DUT-DutWrap File: D:/Acer/Downloads/EE 214/Projects/midsem/code/DUT.vhdl Line: 12
    Info (12023): Found entity 1: DUT File: D:/Acer/Downloads/EE 214/Projects/midsem/code/DUT.vhdl Line: 7
Info (12021): Found 6 design units, including 3 entities, in source file code/additional.vhdl
    Info (12022): Found design unit 1: AND_3-Equations File: D:/Acer/Downloads/EE 214/Projects/midsem/code/additional.vhdl Line: 12
    Info (12022): Found design unit 2: AND_4-Equations File: D:/Acer/Downloads/EE 214/Projects/midsem/code/additional.vhdl Line: 29
    Info (12022): Found design unit 3: OR_4-Equations File: D:/Acer/Downloads/EE 214/Projects/midsem/code/additional.vhdl Line: 49
    Info (12023): Found entity 1: AND_3 File: D:/Acer/Downloads/EE 214/Projects/midsem/code/additional.vhdl Line: 8
    Info (12023): Found entity 2: AND_4 File: D:/Acer/Downloads/EE 214/Projects/midsem/code/additional.vhdl Line: 25
    Info (12023): Found entity 3: OR_4 File: D:/Acer/Downloads/EE 214/Projects/midsem/code/additional.vhdl Line: 45
Info (12021): Found 2 design units, including 1 entities, in source file code/sqrr5.vhdl
    Info (12022): Found design unit 1: SQRR5-Str File: D:/Acer/Downloads/EE 214/Projects/midsem/code/SQRR5.vhdl Line: 14
    Info (12023): Found entity 1: SQRR5 File: D:/Acer/Downloads/EE 214/Projects/midsem/code/SQRR5.vhdl Line: 8
Info (12021): Found 2 design units, including 1 entities, in source file code/invb.vhdl
    Info (12022): Found design unit 1: INVB-Str File: D:/Acer/Downloads/EE 214/Projects/midsem/code/INVB.vhdl Line: 14
    Info (12023): Found entity 1: INVB File: D:/Acer/Downloads/EE 214/Projects/midsem/code/INVB.vhdl Line: 8
Info (12021): Found 2 design units, including 1 entities, in source file code/xnor_ab.vhdl
    Info (12022): Found design unit 1: XNOR_AB-Str File: D:/Acer/Downloads/EE 214/Projects/midsem/code/XNOR_AB.vhdl Line: 15
    Info (12023): Found entity 1: XNOR_AB File: D:/Acer/Downloads/EE 214/Projects/midsem/code/XNOR_AB.vhdl Line: 8
Info (12021): Found 2 design units, including 1 entities, in source file code/count1.vhdl
    Info (12022): Found design unit 1: COUNT1-Str File: D:/Acer/Downloads/EE 214/Projects/midsem/code/COUNT1.vhdl Line: 15
    Info (12023): Found entity 1: COUNT1 File: D:/Acer/Downloads/EE 214/Projects/midsem/code/COUNT1.vhdl Line: 8
Info (12021): Found 2 design units, including 1 entities, in source file code/top.vhdl
    Info (12022): Found design unit 1: Top-Str File: D:/Acer/Downloads/EE 214/Projects/midsem/code/Top.vhdl Line: 15
    Info (12023): Found entity 1: Top File: D:/Acer/Downloads/EE 214/Projects/midsem/code/Top.vhdl Line: 8
Info (12127): Elaborating entity "DUT" for the top level hierarchy
Info (12128): Elaborating entity "Top" for hierarchy "Top:add_instance" File: D:/Acer/Downloads/EE 214/Projects/midsem/code/DUT.vhdl Line: 23
Info (12128): Elaborating entity "SQRR5" for hierarchy "Top:add_instance|SQRR5:part1" File: D:/Acer/Downloads/EE 214/Projects/midsem/code/Top.vhdl Line: 57
Info (12128): Elaborating entity "INVERTER" for hierarchy "Top:add_instance|SQRR5:part1|INVERTER:INV1" File: D:/Acer/Downloads/EE 214/Projects/midsem/code/SQRR5.vhdl Line: 27
Info (12128): Elaborating entity "AND_4" for hierarchy "Top:add_instance|SQRR5:part1|AND_4:A1" File: D:/Acer/Downloads/EE 214/Projects/midsem/code/SQRR5.vhdl Line: 33
Info (12128): Elaborating entity "AND_2" for hierarchy "Top:add_instance|SQRR5:part1|AND_4:A1|AND_2:A1" File: D:/Acer/Downloads/EE 214/Projects/midsem/code/additional.vhdl Line: 33
Info (12128): Elaborating entity "OR_4" for hierarchy "Top:add_instance|SQRR5:part1|OR_4:O1" File: D:/Acer/Downloads/EE 214/Projects/midsem/code/SQRR5.vhdl Line: 38
Info (12128): Elaborating entity "OR_2" for hierarchy "Top:add_instance|SQRR5:part1|OR_4:O1|OR_2:A1" File: D:/Acer/Downloads/EE 214/Projects/midsem/code/additional.vhdl Line: 53
Info (12128): Elaborating entity "INVB" for hierarchy "Top:add_instance|INVB:part2" File: D:/Acer/Downloads/EE 214/Projects/midsem/code/Top.vhdl Line: 61
Info (12128): Elaborating entity "XNOR_AB" for hierarchy "Top:add_instance|XNOR_AB:part3" File: D:/Acer/Downloads/EE 214/Projects/midsem/code/Top.vhdl Line: 66
Info (12128): Elaborating entity "XNOR_2" for hierarchy "Top:add_instance|XNOR_AB:part3|XNOR_2:X1" File: D:/Acer/Downloads/EE 214/Projects/midsem/code/XNOR_AB.vhdl Line: 18
Info (12128): Elaborating entity "COUNT1" for hierarchy "Top:add_instance|COUNT1:part4" File: D:/Acer/Downloads/EE 214/Projects/midsem/code/Top.vhdl Line: 72
Info (12128): Elaborating entity "Full_Adder" for hierarchy "Top:add_instance|COUNT1:part4|Full_Adder:FA1" File: D:/Acer/Downloads/EE 214/Projects/midsem/code/COUNT1.vhdl Line: 26
Info (12128): Elaborating entity "HALF_ADDER" for hierarchy "Top:add_instance|COUNT1:part4|Full_Adder:FA1|HALF_ADDER:ha" File: D:/Acer/Downloads/EE 214/Projects/midsem/code/Full_Adder.vhdl Line: 14
Info (12128): Elaborating entity "XOR_2" for hierarchy "Top:add_instance|COUNT1:part4|Full_Adder:FA1|XOR_2:x1" File: D:/Acer/Downloads/EE 214/Projects/midsem/code/Full_Adder.vhdl Line: 22
Info (12128): Elaborating entity "MUX" for hierarchy "Top:add_instance|MUX:final" File: D:/Acer/Downloads/EE 214/Projects/midsem/code/Top.vhdl Line: 77
Info (12128): Elaborating entity "AND_3" for hierarchy "Top:add_instance|MUX:final|AND_3:A11" File: D:/Acer/Downloads/EE 214/Projects/midsem/code/MUX.vhdl Line: 36
Warning (13024): Output pins are stuck at VCC or GND
    Warning (13410): Pin "output_vector[4]" is stuck at GND File: D:/Acer/Downloads/EE 214/Projects/midsem/code/DUT.vhdl Line: 9
    Warning (13410): Pin "output_vector[5]" is stuck at GND File: D:/Acer/Downloads/EE 214/Projects/midsem/code/DUT.vhdl Line: 9
Info (21057): Implemented 29 device resources after synthesis - the final resource count might be different
    Info (21058): Implemented 8 input pins
    Info (21059): Implemented 6 output pins
    Info (21061): Implemented 15 logic cells
Info: Quartus Prime Analysis & Synthesis was successful. 0 errors, 5 warnings
    Info: Peak virtual memory: 4752 megabytes
    Info: Processing ended: Sat Mar 06 12:41:19 2021
    Info: Elapsed time: 00:00:09
    Info: Total CPU time (on all processors): 00:00:24


